[2021-04-19 22:43:25.126] [exthost] [info] extension host started
[2021-04-19 22:43:25.159] [exthost] [info] ExtensionService#_doActivateExtension vscode.debug-auto-launch {"startup":true,"extensionId":{"value":"vscode.debug-auto-launch","_lower":"vscode.debug-auto-launch"},"activationEvent":"*"}
[2021-04-19 22:43:25.160] [exthost] [info] ExtensionService#loadCommonJSModule file:///home/brian8a/.vscode-server/bin/3c4e3df9e89829dce27b7b5c24508306b151f30d/extensions/debug-auto-launch/dist/extension
[2021-04-19 22:43:25.319] [exthost] [info] ExtensionService#_doActivateExtension vscode.git {"startup":true,"extensionId":{"value":"vscode.github","_lower":"vscode.github"},"activationEvent":"*"}
[2021-04-19 22:43:25.319] [exthost] [info] ExtensionService#loadCommonJSModule file:///home/brian8a/.vscode-server/bin/3c4e3df9e89829dce27b7b5c24508306b151f30d/extensions/git/dist/main
[2021-04-19 22:43:25.768] [exthost] [info] ExtensionService#_doActivateExtension christian-kohler.path-intellisense {"startup":true,"extensionId":{"value":"christian-kohler.path-intellisense","_lower":"christian-kohler.path-intellisense"},"activationEvent":"*"}
[2021-04-19 22:43:25.768] [exthost] [info] ExtensionService#loadCommonJSModule file:///home/brian8a/.vscode-server/extensions/christian-kohler.path-intellisense-2.3.0/out/extension.js
[2021-04-19 22:43:27.033] [exthost] [info] ExtensionService#_doActivateExtension naumovs.color-highlight {"startup":true,"extensionId":{"value":"naumovs.color-highlight","_lower":"naumovs.color-highlight"},"activationEvent":"*"}
[2021-04-19 22:43:27.033] [exthost] [info] ExtensionService#loadCommonJSModule file:///home/brian8a/.vscode-server/extensions/naumovs.color-highlight-2.3.0/dist/extension
[2021-04-19 22:43:27.139] [exthost] [info] ExtensionService#_doActivateExtension ritwickdey.LiveServer {"startup":true,"extensionId":{"value":"ritwickdey.LiveServer","_lower":"ritwickdey.liveserver"},"activationEvent":"*"}
[2021-04-19 22:43:27.139] [exthost] [info] ExtensionService#loadCommonJSModule file:///home/brian8a/.vscode-server/extensions/ritwickdey.liveserver-5.6.1/out/src/extension
[2021-04-19 22:43:37.444] [exthost] [info] ExtensionService#_doActivateExtension vscode.github {"startup":true,"extensionId":{"value":"vscode.github","_lower":"vscode.github"},"activationEvent":"*"}
[2021-04-19 22:43:37.444] [exthost] [info] ExtensionService#loadCommonJSModule file:///home/brian8a/.vscode-server/bin/3c4e3df9e89829dce27b7b5c24508306b151f30d/extensions/github/dist/extension.js
[2021-04-19 22:43:38.076] [exthost] [info] ExtensionService#_doActivateExtension vscode.emmet {"startup":false,"extensionId":{"value":"vscode.emmet","_lower":"vscode.emmet"},"activationEvent":"onStartupFinished"}
[2021-04-19 22:43:38.076] [exthost] [info] ExtensionService#loadCommonJSModule file:///home/brian8a/.vscode-server/bin/3c4e3df9e89829dce27b7b5c24508306b151f30d/extensions/emmet/dist/node/emmetNodeMain
[2021-04-19 22:43:38.244] [exthost] [info] ExtensionService#_doActivateExtension vscode.merge-conflict {"startup":false,"extensionId":{"value":"vscode.merge-conflict","_lower":"vscode.merge-conflict"},"activationEvent":"onStartupFinished"}
[2021-04-19 22:43:38.244] [exthost] [info] ExtensionService#loadCommonJSModule file:///home/brian8a/.vscode-server/bin/3c4e3df9e89829dce27b7b5c24508306b151f30d/extensions/merge-conflict/dist/mergeConflictMain
[2021-04-19 22:43:38.283] [exthost] [info] ExtensionService#_doActivateExtension vscode.testing-editor-contributions {"startup":false,"extensionId":{"value":"vscode.testing-editor-contributions","_lower":"vscode.testing-editor-contributions"},"activationEvent":"onStartupFinished"}
[2021-04-19 22:43:38.283] [exthost] [info] ExtensionService#loadCommonJSModule file:///home/brian8a/.vscode-server/bin/3c4e3df9e89829dce27b7b5c24508306b151f30d/extensions/testing-editor-contributions/dist/extension.js
[2021-04-19 22:43:38.477] [exthost] [info] ExtensionService#_doActivateExtension esbenp.prettier-vscode {"startup":false,"extensionId":{"value":"esbenp.prettier-vscode","_lower":"esbenp.prettier-vscode"},"activationEvent":"onStartupFinished"}
[2021-04-19 22:43:38.477] [exthost] [info] ExtensionService#loadCommonJSModule file:///home/brian8a/.vscode-server/extensions/esbenp.prettier-vscode-6.3.2/dist/extension
[2021-04-19 22:43:38.803] [exthost] [info] eager extensions activated
[2021-04-19 22:43:38.841] [exthost] [info] ExtensionService#_doActivateExtension ms-vscode.js-debug {"startup":false,"extensionId":{"value":"ms-vscode.js-debug","_lower":"ms-vscode.js-debug"},"activationEvent":"onCommand:extension.js-debug.clearAutoAttachVariables"}
[2021-04-19 22:43:38.841] [exthost] [info] ExtensionService#loadCommonJSModule file:///home/brian8a/.vscode-server/bin/3c4e3df9e89829dce27b7b5c24508306b151f30d/extensions/ms-vscode.js-debug/src/extension.js
[2021-04-19 22:44:58.761] [exthost] [info] ExtensionService#_doActivateExtension vscode.configuration-editing {"startup":false,"extensionId":{"value":"vscode.configuration-editing","_lower":"vscode.configuration-editing"},"activationEvent":"onLanguage:jsonc"}
[2021-04-19 22:44:58.761] [exthost] [info] ExtensionService#loadCommonJSModule file:///home/brian8a/.vscode-server/bin/3c4e3df9e89829dce27b7b5c24508306b151f30d/extensions/configuration-editing/dist/configurationEditingMain
[2021-04-19 22:44:58.848] [exthost] [info] ExtensionService#_doActivateExtension vscode.json-language-features {"startup":false,"extensionId":{"value":"vscode.json-language-features","_lower":"vscode.json-language-features"},"activationEvent":"onLanguage:jsonc"}
[2021-04-19 22:44:58.849] [exthost] [info] ExtensionService#loadCommonJSModule file:///home/brian8a/.vscode-server/bin/3c4e3df9e89829dce27b7b5c24508306b151f30d/extensions/json-language-features/client/dist/node/jsonClientMain
[2021-04-19 22:44:58.995] [exthost] [info] ExtensionService#_doActivateExtension vscode.typescript-language-features {"startup":false,"extensionId":{"value":"vscode.typescript-language-features","_lower":"vscode.typescript-language-features"},"activationEvent":"onLanguage:jsonc"}
[2021-04-19 22:44:58.995] [exthost] [info] ExtensionService#loadCommonJSModule file:///home/brian8a/.vscode-server/bin/3c4e3df9e89829dce27b7b5c24508306b151f30d/extensions/typescript-language-features/dist/extension
[2021-04-19 22:46:37.053] [exthost] [info] ExtensionService#_doActivateExtension vscode.extension-editing {"startup":false,"extensionId":{"value":"vscode.extension-editing","_lower":"vscode.extension-editing"},"activationEvent":"onLanguage:typescript"}
[2021-04-19 22:46:37.053] [exthost] [info] ExtensionService#loadCommonJSModule file:///home/brian8a/.vscode-server/bin/3c4e3df9e89829dce27b7b5c24508306b151f30d/extensions/extension-editing/dist/extensionEditingMain
[2021-04-19 22:46:47.462] [exthost] [info] ExtensionService#_doActivateExtension vscode.css-language-features {"startup":false,"extensionId":{"value":"vscode.css-language-features","_lower":"vscode.css-language-features"},"activationEvent":"onLanguage:css"}
[2021-04-19 22:46:47.463] [exthost] [info] ExtensionService#loadCommonJSModule file:///home/brian8a/.vscode-server/bin/3c4e3df9e89829dce27b7b5c24508306b151f30d/extensions/css-language-features/client/dist/node/cssClientMain
[2021-04-19 22:47:12.622] [exthost] [info] ExtensionService#_doActivateExtension vscode.npm {"startup":false,"extensionId":{"value":"vscode.npm","_lower":"vscode.npm"},"activationEvent":"onLanguage:json"}
[2021-04-19 22:47:12.622] [exthost] [info] ExtensionService#loadCommonJSModule file:///home/brian8a/.vscode-server/bin/3c4e3df9e89829dce27b7b5c24508306b151f30d/extensions/npm/dist/npmMain
[2021-04-19 22:47:16.180] [exthost] [info] ExtensionService#_doActivateExtension vscode.markdown-language-features {"startup":false,"extensionId":{"value":"vscode.markdown-language-features","_lower":"vscode.markdown-language-features"},"activationEvent":"onLanguage:markdown"}
[2021-04-19 22:47:16.180] [exthost] [info] ExtensionService#loadCommonJSModule file:///home/brian8a/.vscode-server/bin/3c4e3df9e89829dce27b7b5c24508306b151f30d/extensions/markdown-language-features/dist/extension
[2021-04-19 22:56:51.826] [exthost] [info] extension host terminating: received terminate message from renderer
[2021-04-19 22:56:52.969] [exthost] [info] exiting with code 0
