[2021-04-20 12:57:45.415] [exthost] [info] extension host started
[2021-04-20 12:57:45.447] [exthost] [info] ExtensionService#_doActivateExtension vscode.debug-auto-launch {"startup":true,"extensionId":{"value":"vscode.debug-auto-launch","_lower":"vscode.debug-auto-launch"},"activationEvent":"*"}
[2021-04-20 12:57:45.447] [exthost] [info] ExtensionService#loadCommonJSModule file:///home/brian8a/.vscode-server/bin/3c4e3df9e89829dce27b7b5c24508306b151f30d/extensions/debug-auto-launch/dist/extension
[2021-04-20 12:57:45.666] [exthost] [info] ExtensionService#_doActivateExtension vscode.git {"startup":true,"extensionId":{"value":"vscode.github","_lower":"vscode.github"},"activationEvent":"*"}
[2021-04-20 12:57:45.666] [exthost] [info] ExtensionService#loadCommonJSModule file:///home/brian8a/.vscode-server/bin/3c4e3df9e89829dce27b7b5c24508306b151f30d/extensions/git/dist/main
[2021-04-20 12:57:45.920] [exthost] [info] ExtensionService#_doActivateExtension christian-kohler.path-intellisense {"startup":true,"extensionId":{"value":"christian-kohler.path-intellisense","_lower":"christian-kohler.path-intellisense"},"activationEvent":"*"}
[2021-04-20 12:57:45.920] [exthost] [info] ExtensionService#loadCommonJSModule file:///home/brian8a/.vscode-server/extensions/christian-kohler.path-intellisense-2.3.0/out/extension.js
[2021-04-20 12:57:47.964] [exthost] [info] ExtensionService#_doActivateExtension naumovs.color-highlight {"startup":true,"extensionId":{"value":"naumovs.color-highlight","_lower":"naumovs.color-highlight"},"activationEvent":"*"}
[2021-04-20 12:57:47.965] [exthost] [info] ExtensionService#loadCommonJSModule file:///home/brian8a/.vscode-server/extensions/naumovs.color-highlight-2.3.0/dist/extension
[2021-04-20 12:57:48.024] [exthost] [info] ExtensionService#_doActivateExtension ritwickdey.LiveServer {"startup":true,"extensionId":{"value":"ritwickdey.LiveServer","_lower":"ritwickdey.liveserver"},"activationEvent":"*"}
[2021-04-20 12:57:48.025] [exthost] [info] ExtensionService#loadCommonJSModule file:///home/brian8a/.vscode-server/extensions/ritwickdey.liveserver-5.6.1/out/src/extension
[2021-04-20 12:57:58.725] [exthost] [info] ExtensionService#_doActivateExtension vscode.github {"startup":true,"extensionId":{"value":"vscode.github","_lower":"vscode.github"},"activationEvent":"*"}
[2021-04-20 12:57:58.725] [exthost] [info] ExtensionService#loadCommonJSModule file:///home/brian8a/.vscode-server/bin/3c4e3df9e89829dce27b7b5c24508306b151f30d/extensions/github/dist/extension.js
[2021-04-20 12:57:58.897] [exthost] [info] ExtensionService#_doActivateExtension vscode.emmet {"startup":false,"extensionId":{"value":"vscode.emmet","_lower":"vscode.emmet"},"activationEvent":"onStartupFinished"}
[2021-04-20 12:57:58.897] [exthost] [info] ExtensionService#loadCommonJSModule file:///home/brian8a/.vscode-server/bin/3c4e3df9e89829dce27b7b5c24508306b151f30d/extensions/emmet/dist/node/emmetNodeMain
[2021-04-20 12:57:59.318] [exthost] [info] ExtensionService#_doActivateExtension vscode.merge-conflict {"startup":false,"extensionId":{"value":"vscode.merge-conflict","_lower":"vscode.merge-conflict"},"activationEvent":"onStartupFinished"}
[2021-04-20 12:57:59.318] [exthost] [info] ExtensionService#loadCommonJSModule file:///home/brian8a/.vscode-server/bin/3c4e3df9e89829dce27b7b5c24508306b151f30d/extensions/merge-conflict/dist/mergeConflictMain
[2021-04-20 12:57:59.435] [exthost] [info] ExtensionService#_doActivateExtension vscode.testing-editor-contributions {"startup":false,"extensionId":{"value":"vscode.testing-editor-contributions","_lower":"vscode.testing-editor-contributions"},"activationEvent":"onStartupFinished"}
[2021-04-20 12:57:59.436] [exthost] [info] ExtensionService#loadCommonJSModule file:///home/brian8a/.vscode-server/bin/3c4e3df9e89829dce27b7b5c24508306b151f30d/extensions/testing-editor-contributions/dist/extension.js
[2021-04-20 12:57:59.507] [exthost] [info] ExtensionService#_doActivateExtension esbenp.prettier-vscode {"startup":false,"extensionId":{"value":"esbenp.prettier-vscode","_lower":"esbenp.prettier-vscode"},"activationEvent":"onStartupFinished"}
[2021-04-20 12:57:59.507] [exthost] [info] ExtensionService#loadCommonJSModule file:///home/brian8a/.vscode-server/extensions/esbenp.prettier-vscode-6.3.2/dist/extension
[2021-04-20 12:58:00.219] [exthost] [info] eager extensions activated
[2021-04-20 12:58:00.233] [exthost] [info] ExtensionService#_doActivateExtension ms-vscode.js-debug {"startup":false,"extensionId":{"value":"ms-vscode.js-debug","_lower":"ms-vscode.js-debug"},"activationEvent":"onCommand:extension.js-debug.clearAutoAttachVariables"}
[2021-04-20 12:58:00.233] [exthost] [info] ExtensionService#loadCommonJSModule file:///home/brian8a/.vscode-server/bin/3c4e3df9e89829dce27b7b5c24508306b151f30d/extensions/ms-vscode.js-debug/src/extension.js
